2016-06-22 10:54:17,923 [10] ERROR EPiServer.Global: 1.2.5 Unhandled exception in ASP.NET
System.IO.FileNotFoundException: Could not find file 'C:\Projects\LDRYWebsites\PostOak\Development\Landrys.ThePostOak_EpiServer\App_Data\blobs\6a46d88f3af44009af516f236c873e85\86ab8f9e696a43c9a64fa8d02f56491d.jpg'.
File name: 'C:\Projects\LDRYWebsites\PostOak\Development\Landrys.ThePostOak_EpiServer\App_Data\blobs\6a46d88f3af44009af516f236c873e85\86ab8f9e696a43c9a64fa8d02f56491d.jpg'
   at System.IO.__Error.WinIOError(Int32 errorCode, String maybeFullPath)
   at System.IO.FileStream.Init(String path, FileMode mode, FileAccess access, Int32 rights, Boolean useRights, FileShare share, Int32 bufferSize, FileOptions options, SECURITY_ATTRIBUTES secAttrs, String msgPath, Boolean bFromProxy, Boolean useLongPath, Boolean checkHost)
   at System.IO.FileStream..ctor(String path, FileMode mode, FileAccess access, FileShare share)
   at System.Web.HttpResponse.TransmitFile(String filename, Int64 offset, Int64 length)
   at System.Web.HttpResponseWrapper.TransmitFile(String filename)
   at EPiServer.Web.MediaHandlerBase.TransmitFile(HttpContextBase context, String filePath)
   at EPiServer.Web.BlobHttpHandler.ProcessRequestAsyncInternal(HttpContextWrapper context, AsyncCallback cb, Object extraData)
   at EPiServer.Web.BlobHttpHandler.System.Web.IHttpAsyncHandler.BeginProcessRequest(HttpContext context, AsyncCallback cb, Object extraData)
   at System.Web.HttpApplication.CallHandlerExecutionStep.System.Web.HttpApplication.IExecutionStep.Execute()
   at System.Web.HttpApplication.ExecuteStep(IExecutionStep step, Boolean& completedSynchronously)
System.IO.FileNotFoundException: Could not find file 'C:\Projects\LDRYWebsites\PostOak\Development\Landrys.ThePostOak_EpiServer\App_Data\blobs\6a46d88f3af44009af516f236c873e85\86ab8f9e696a43c9a64fa8d02f56491d.jpg'.
File name: 'C:\Projects\LDRYWebsites\PostOak\Development\Landrys.ThePostOak_EpiServer\App_Data\blobs\6a46d88f3af44009af516f236c873e85\86ab8f9e696a43c9a64fa8d02f56491d.jpg'
   at System.IO.__Error.WinIOError(Int32 errorCode, String maybeFullPath)
   at System.IO.FileStream.Init(String path, FileMode mode, FileAccess access, Int32 rights, Boolean useRights, FileShare share, Int32 bufferSize, FileOptions options, SECURITY_ATTRIBUTES secAttrs, String msgPath, Boolean bFromProxy, Boolean useLongPath, Boolean checkHost)
   at System.IO.FileStream..ctor(String path, FileMode mode, FileAccess access, FileShare share)
   at System.Web.HttpResponse.TransmitFile(String filename, Int64 offset, Int64 length)
   at System.Web.HttpResponseWrapper.TransmitFile(String filename)
   at EPiServer.Web.MediaHandlerBase.TransmitFile(HttpContextBase context, String filePath)
   at EPiServer.Web.BlobHttpHandler.ProcessRequestAsyncInternal(HttpContextWrapper context, AsyncCallback cb, Object extraData)
   at EPiServer.Web.BlobHttpHandler.System.Web.IHttpAsyncHandler.BeginProcessRequest(HttpContext context, AsyncCallback cb, Object extraData)
   at System.Web.HttpApplication.CallHandlerExecutionStep.System.Web.HttpApplication.IExecutionStep.Execute()
   at System.Web.HttpApplication.ExecuteStep(IExecutionStep step, Boolean& completedSynchronously)
2016-06-22 10:54:17,944 [9] ERROR EPiServer.Global: 1.2.5 Unhandled exception in ASP.NET
System.IO.FileNotFoundException: Could not find file 'C:\Projects\LDRYWebsites\PostOak\Development\Landrys.ThePostOak_EpiServer\App_Data\blobs\6e7a5b24302e407f89bb03b54b6a680d\5de9f4efcaa348b0bf5a4c15fca5ba11.jpg'.
File name: 'C:\Projects\LDRYWebsites\PostOak\Development\Landrys.ThePostOak_EpiServer\App_Data\blobs\6e7a5b24302e407f89bb03b54b6a680d\5de9f4efcaa348b0bf5a4c15fca5ba11.jpg'
   at System.IO.__Error.WinIOError(Int32 errorCode, String maybeFullPath)
   at System.IO.FileStream.Init(String path, FileMode mode, FileAccess access, Int32 rights, Boolean useRights, FileShare share, Int32 bufferSize, FileOptions options, SECURITY_ATTRIBUTES secAttrs, String msgPath, Boolean bFromProxy, Boolean useLongPath, Boolean checkHost)
   at System.IO.FileStream..ctor(String path, FileMode mode, FileAccess access, FileShare share)
   at System.Web.HttpResponse.TransmitFile(String filename, Int64 offset, Int64 length)
   at System.Web.HttpResponseWrapper.TransmitFile(String filename)
   at EPiServer.Web.MediaHandlerBase.TransmitFile(HttpContextBase context, String filePath)
   at EPiServer.Web.BlobHttpHandler.ProcessRequestAsyncInternal(HttpContextWrapper context, AsyncCallback cb, Object extraData)
   at EPiServer.Web.BlobHttpHandler.System.Web.IHttpAsyncHandler.BeginProcessRequest(HttpContext context, AsyncCallback cb, Object extraData)
   at System.Web.HttpApplication.CallHandlerExecutionStep.System.Web.HttpApplication.IExecutionStep.Execute()
   at System.Web.HttpApplication.ExecuteStep(IExecutionStep step, Boolean& completedSynchronously)
System.IO.FileNotFoundException: Could not find file 'C:\Projects\LDRYWebsites\PostOak\Development\Landrys.ThePostOak_EpiServer\App_Data\blobs\6e7a5b24302e407f89bb03b54b6a680d\5de9f4efcaa348b0bf5a4c15fca5ba11.jpg'.
File name: 'C:\Projects\LDRYWebsites\PostOak\Development\Landrys.ThePostOak_EpiServer\App_Data\blobs\6e7a5b24302e407f89bb03b54b6a680d\5de9f4efcaa348b0bf5a4c15fca5ba11.jpg'
   at System.IO.__Error.WinIOError(Int32 errorCode, String maybeFullPath)
   at System.IO.FileStream.Init(String path, FileMode mode, FileAccess access, Int32 rights, Boolean useRights, FileShare share, Int32 bufferSize, FileOptions options, SECURITY_ATTRIBUTES secAttrs, String msgPath, Boolean bFromProxy, Boolean useLongPath, Boolean checkHost)
   at System.IO.FileStream..ctor(String path, FileMode mode, FileAccess access, FileShare share)
   at System.Web.HttpResponse.TransmitFile(String filename, Int64 offset, Int64 length)
   at System.Web.HttpResponseWrapper.TransmitFile(String filename)
   at EPiServer.Web.MediaHandlerBase.TransmitFile(HttpContextBase context, String filePath)
   at EPiServer.Web.BlobHttpHandler.ProcessRequestAsyncInternal(HttpContextWrapper context, AsyncCallback cb, Object extraData)
   at EPiServer.Web.BlobHttpHandler.System.Web.IHttpAsyncHandler.BeginProcessRequest(HttpContext context, AsyncCallback cb, Object extraData)
   at System.Web.HttpApplication.CallHandlerExecutionStep.System.Web.HttpApplication.IExecutionStep.Execute()
   at System.Web.HttpApplication.ExecuteStep(IExecutionStep step, Boolean& completedSynchronously)
2016-06-22 10:54:18,045 [9] ERROR EPiServer.Global: 1.2.5 Unhandled exception in ASP.NET
System.IO.FileNotFoundException: Could not find file 'C:\Projects\LDRYWebsites\PostOak\Development\Landrys.ThePostOak_EpiServer\App_Data\blobs\a7b76e9dbd4f4ca1961a505ee5a0a21d\f66c3142ade8449a989bd2946373c263.jpg'.
File name: 'C:\Projects\LDRYWebsites\PostOak\Development\Landrys.ThePostOak_EpiServer\App_Data\blobs\a7b76e9dbd4f4ca1961a505ee5a0a21d\f66c3142ade8449a989bd2946373c263.jpg'
   at System.IO.__Error.WinIOError(Int32 errorCode, String maybeFullPath)
   at System.IO.FileStream.Init(String path, FileMode mode, FileAccess access, Int32 rights, Boolean useRights, FileShare share, Int32 bufferSize, FileOptions options, SECURITY_ATTRIBUTES secAttrs, String msgPath, Boolean bFromProxy, Boolean useLongPath, Boolean checkHost)
   at System.IO.FileStream..ctor(String path, FileMode mode, FileAccess access, FileShare share)
   at System.Web.HttpResponse.TransmitFile(String filename, Int64 offset, Int64 length)
   at System.Web.HttpResponseWrapper.TransmitFile(String filename)
   at EPiServer.Web.MediaHandlerBase.TransmitFile(HttpContextBase context, String filePath)
   at EPiServer.Web.BlobHttpHandler.ProcessRequestAsyncInternal(HttpContextWrapper context, AsyncCallback cb, Object extraData)
   at EPiServer.Web.BlobHttpHandler.System.Web.IHttpAsyncHandler.BeginProcessRequest(HttpContext context, AsyncCallback cb, Object extraData)
   at System.Web.HttpApplication.CallHandlerExecutionStep.System.Web.HttpApplication.IExecutionStep.Execute()
   at System.Web.HttpApplication.ExecuteStep(IExecutionStep step, Boolean& completedSynchronously)
System.IO.FileNotFoundException: Could not find file 'C:\Projects\LDRYWebsites\PostOak\Development\Landrys.ThePostOak_EpiServer\App_Data\blobs\a7b76e9dbd4f4ca1961a505ee5a0a21d\f66c3142ade8449a989bd2946373c263.jpg'.
File name: 'C:\Projects\LDRYWebsites\PostOak\Development\Landrys.ThePostOak_EpiServer\App_Data\blobs\a7b76e9dbd4f4ca1961a505ee5a0a21d\f66c3142ade8449a989bd2946373c263.jpg'
   at System.IO.__Error.WinIOError(Int32 errorCode, String maybeFullPath)
   at System.IO.FileStream.Init(String path, FileMode mode, FileAccess access, Int32 rights, Boolean useRights, FileShare share, Int32 bufferSize, FileOptions options, SECURITY_ATTRIBUTES secAttrs, String msgPath, Boolean bFromProxy, Boolean useLongPath, Boolean checkHost)
   at System.IO.FileStream..ctor(String path, FileMode mode, FileAccess access, FileShare share)
   at System.Web.HttpResponse.TransmitFile(String filename, Int64 offset, Int64 length)
   at System.Web.HttpResponseWrapper.TransmitFile(String filename)
   at EPiServer.Web.MediaHandlerBase.TransmitFile(HttpContextBase context, String filePath)
   at EPiServer.Web.BlobHttpHandler.ProcessRequestAsyncInternal(HttpContextWrapper context, AsyncCallback cb, Object extraData)
   at EPiServer.Web.BlobHttpHandler.System.Web.IHttpAsyncHandler.BeginProcessRequest(HttpContext context, AsyncCallback cb, Object extraData)
   at System.Web.HttpApplication.CallHandlerExecutionStep.System.Web.HttpApplication.IExecutionStep.Execute()
   at System.Web.HttpApplication.ExecuteStep(IExecutionStep step, Boolean& completedSynchronously)
2016-06-22 10:54:18,061 [10] ERROR EPiServer.Global: 1.2.5 Unhandled exception in ASP.NET
System.IO.FileNotFoundException: Could not find file 'C:\Projects\LDRYWebsites\PostOak\Development\Landrys.ThePostOak_EpiServer\App_Data\blobs\4bd33627a3754c809e298f6c8c748e83\fcc3d9cd31f54334bb52bc5f77b45237.jpg'.
File name: 'C:\Projects\LDRYWebsites\PostOak\Development\Landrys.ThePostOak_EpiServer\App_Data\blobs\4bd33627a3754c809e298f6c8c748e83\fcc3d9cd31f54334bb52bc5f77b45237.jpg'
   at System.IO.__Error.WinIOError(Int32 errorCode, String maybeFullPath)
   at System.IO.FileStream.Init(String path, FileMode mode, FileAccess access, Int32 rights, Boolean useRights, FileShare share, Int32 bufferSize, FileOptions options, SECURITY_ATTRIBUTES secAttrs, String msgPath, Boolean bFromProxy, Boolean useLongPath, Boolean checkHost)
   at System.IO.FileStream..ctor(String path, FileMode mode, FileAccess access, FileShare share)
   at System.Web.HttpResponse.TransmitFile(String filename, Int64 offset, Int64 length)
   at System.Web.HttpResponseWrapper.TransmitFile(String filename)
   at EPiServer.Web.MediaHandlerBase.TransmitFile(HttpContextBase context, String filePath)
   at EPiServer.Web.BlobHttpHandler.ProcessRequestAsyncInternal(HttpContextWrapper context, AsyncCallback cb, Object extraData)
   at EPiServer.Web.BlobHttpHandler.System.Web.IHttpAsyncHandler.BeginProcessRequest(HttpContext context, AsyncCallback cb, Object extraData)
   at System.Web.HttpApplication.CallHandlerExecutionStep.System.Web.HttpApplication.IExecutionStep.Execute()
   at System.Web.HttpApplication.ExecuteStep(IExecutionStep step, Boolean& completedSynchronously)
System.IO.FileNotFoundException: Could not find file 'C:\Projects\LDRYWebsites\PostOak\Development\Landrys.ThePostOak_EpiServer\App_Data\blobs\4bd33627a3754c809e298f6c8c748e83\fcc3d9cd31f54334bb52bc5f77b45237.jpg'.
File name: 'C:\Projects\LDRYWebsites\PostOak\Development\Landrys.ThePostOak_EpiServer\App_Data\blobs\4bd33627a3754c809e298f6c8c748e83\fcc3d9cd31f54334bb52bc5f77b45237.jpg'
   at System.IO.__Error.WinIOError(Int32 errorCode, String maybeFullPath)
   at System.IO.FileStream.Init(String path, FileMode mode, FileAccess access, Int32 rights, Boolean useRights, FileShare share, Int32 bufferSize, FileOptions options, SECURITY_ATTRIBUTES secAttrs, String msgPath, Boolean bFromProxy, Boolean useLongPath, Boolean checkHost)
   at System.IO.FileStream..ctor(String path, FileMode mode, FileAccess access, FileShare share)
   at System.Web.HttpResponse.TransmitFile(String filename, Int64 offset, Int64 length)
   at System.Web.HttpResponseWrapper.TransmitFile(String filename)
   at EPiServer.Web.MediaHandlerBase.TransmitFile(HttpContextBase context, String filePath)
   at EPiServer.Web.BlobHttpHandler.ProcessRequestAsyncInternal(HttpContextWrapper context, AsyncCallback cb, Object extraData)
   at EPiServer.Web.BlobHttpHandler.System.Web.IHttpAsyncHandler.BeginProcessRequest(HttpContext context, AsyncCallback cb, Object extraData)
   at System.Web.HttpApplication.CallHandlerExecutionStep.System.Web.HttpApplication.IExecutionStep.Execute()
   at System.Web.HttpApplication.ExecuteStep(IExecutionStep step, Boolean& completedSynchronously)
2016-06-22 10:54:18,258 [10] ERROR EPiServer.Global: 1.2.5 Unhandled exception in ASP.NET
System.IO.FileNotFoundException: Could not find file 'C:\Projects\LDRYWebsites\PostOak\Development\Landrys.ThePostOak_EpiServer\App_Data\blobs\1c355a914c2e476c8f85ef394cc59739\6fe8471ef0b14c00a58d75914acd2406.jpg'.
File name: 'C:\Projects\LDRYWebsites\PostOak\Development\Landrys.ThePostOak_EpiServer\App_Data\blobs\1c355a914c2e476c8f85ef394cc59739\6fe8471ef0b14c00a58d75914acd2406.jpg'
   at System.IO.__Error.WinIOError(Int32 errorCode, String maybeFullPath)
   at System.IO.FileStream.Init(String path, FileMode mode, FileAccess access, Int32 rights, Boolean useRights, FileShare share, Int32 bufferSize, FileOptions options, SECURITY_ATTRIBUTES secAttrs, String msgPath, Boolean bFromProxy, Boolean useLongPath, Boolean checkHost)
   at System.IO.FileStream..ctor(String path, FileMode mode, FileAccess access, FileShare share)
   at System.Web.HttpResponse.TransmitFile(String filename, Int64 offset, Int64 length)
   at System.Web.HttpResponseWrapper.TransmitFile(String filename)
   at EPiServer.Web.MediaHandlerBase.TransmitFile(HttpContextBase context, String filePath)
   at EPiServer.Web.BlobHttpHandler.ProcessRequestAsyncInternal(HttpContextWrapper context, AsyncCallback cb, Object extraData)
   at EPiServer.Web.BlobHttpHandler.System.Web.IHttpAsyncHandler.BeginProcessRequest(HttpContext context, AsyncCallback cb, Object extraData)
   at System.Web.HttpApplication.CallHandlerExecutionStep.System.Web.HttpApplication.IExecutionStep.Execute()
   at System.Web.HttpApplication.ExecuteStep(IExecutionStep step, Boolean& completedSynchronously)
System.IO.FileNotFoundException: Could not find file 'C:\Projects\LDRYWebsites\PostOak\Development\Landrys.ThePostOak_EpiServer\App_Data\blobs\1c355a914c2e476c8f85ef394cc59739\6fe8471ef0b14c00a58d75914acd2406.jpg'.
File name: 'C:\Projects\LDRYWebsites\PostOak\Development\Landrys.ThePostOak_EpiServer\App_Data\blobs\1c355a914c2e476c8f85ef394cc59739\6fe8471ef0b14c00a58d75914acd2406.jpg'
   at System.IO.__Error.WinIOError(Int32 errorCode, String maybeFullPath)
   at System.IO.FileStream.Init(String path, FileMode mode, FileAccess access, Int32 rights, Boolean useRights, FileShare share, Int32 bufferSize, FileOptions options, SECURITY_ATTRIBUTES secAttrs, String msgPath, Boolean bFromProxy, Boolean useLongPath, Boolean checkHost)
   at System.IO.FileStream..ctor(String path, FileMode mode, FileAccess access, FileShare share)
   at System.Web.HttpResponse.TransmitFile(String filename, Int64 offset, Int64 length)
   at System.Web.HttpResponseWrapper.TransmitFile(String filename)
   at EPiServer.Web.MediaHandlerBase.TransmitFile(HttpContextBase context, String filePath)
   at EPiServer.Web.BlobHttpHandler.ProcessRequestAsyncInternal(HttpContextWrapper context, AsyncCallback cb, Object extraData)
   at EPiServer.Web.BlobHttpHandler.System.Web.IHttpAsyncHandler.BeginProcessRequest(HttpContext context, AsyncCallback cb, Object extraData)
   at System.Web.HttpApplication.CallHandlerExecutionStep.System.Web.HttpApplication.IExecutionStep.Execute()
   at System.Web.HttpApplication.ExecuteStep(IExecutionStep step, Boolean& completedSynchronously)
2016-06-22 10:54:18,323 [9] ERROR EPiServer.Global: 1.2.5 Unhandled exception in ASP.NET
System.IO.FileNotFoundException: Could not find file 'C:\Projects\LDRYWebsites\PostOak\Development\Landrys.ThePostOak_EpiServer\App_Data\blobs\4d1f6b7d1a7044d9af476d81242d5afc\5e13ad9e7f134fa5804384fae1aaedf4.jpg'.
File name: 'C:\Projects\LDRYWebsites\PostOak\Development\Landrys.ThePostOak_EpiServer\App_Data\blobs\4d1f6b7d1a7044d9af476d81242d5afc\5e13ad9e7f134fa5804384fae1aaedf4.jpg'
   at System.IO.__Error.WinIOError(Int32 errorCode, String maybeFullPath)
   at System.IO.FileStream.Init(String path, FileMode mode, FileAccess access, Int32 rights, Boolean useRights, FileShare share, Int32 bufferSize, FileOptions options, SECURITY_ATTRIBUTES secAttrs, String msgPath, Boolean bFromProxy, Boolean useLongPath, Boolean checkHost)
   at System.IO.FileStream..ctor(String path, FileMode mode, FileAccess access, FileShare share)
   at System.Web.HttpResponse.TransmitFile(String filename, Int64 offset, Int64 length)
   at System.Web.HttpResponseWrapper.TransmitFile(String filename)
   at EPiServer.Web.MediaHandlerBase.TransmitFile(HttpContextBase context, String filePath)
   at EPiServer.Web.BlobHttpHandler.ProcessRequestAsyncInternal(HttpContextWrapper context, AsyncCallback cb, Object extraData)
   at EPiServer.Web.BlobHttpHandler.System.Web.IHttpAsyncHandler.BeginProcessRequest(HttpContext context, AsyncCallback cb, Object extraData)
   at System.Web.HttpApplication.CallHandlerExecutionStep.System.Web.HttpApplication.IExecutionStep.Execute()
   at System.Web.HttpApplication.ExecuteStep(IExecutionStep step, Boolean& completedSynchronously)
System.IO.FileNotFoundException: Could not find file 'C:\Projects\LDRYWebsites\PostOak\Development\Landrys.ThePostOak_EpiServer\App_Data\blobs\4d1f6b7d1a7044d9af476d81242d5afc\5e13ad9e7f134fa5804384fae1aaedf4.jpg'.
File name: 'C:\Projects\LDRYWebsites\PostOak\Development\Landrys.ThePostOak_EpiServer\App_Data\blobs\4d1f6b7d1a7044d9af476d81242d5afc\5e13ad9e7f134fa5804384fae1aaedf4.jpg'
   at System.IO.__Error.WinIOError(Int32 errorCode, String maybeFullPath)
   at System.IO.FileStream.Init(String path, FileMode mode, FileAccess access, Int32 rights, Boolean useRights, FileShare share, Int32 bufferSize, FileOptions options, SECURITY_ATTRIBUTES secAttrs, String msgPath, Boolean bFromProxy, Boolean useLongPath, Boolean checkHost)
   at System.IO.FileStream..ctor(String path, FileMode mode, FileAccess access, FileShare share)
   at System.Web.HttpResponse.TransmitFile(String filename, Int64 offset, Int64 length)
   at System.Web.HttpResponseWrapper.TransmitFile(String filename)
   at EPiServer.Web.MediaHandlerBase.TransmitFile(HttpContextBase context, String filePath)
   at EPiServer.Web.BlobHttpHandler.ProcessRequestAsyncInternal(HttpContextWrapper context, AsyncCallback cb, Object extraData)
   at EPiServer.Web.BlobHttpHandler.System.Web.IHttpAsyncHandler.BeginProcessRequest(HttpContext context, AsyncCallback cb, Object extraData)
   at System.Web.HttpApplication.CallHandlerExecutionStep.System.Web.HttpApplication.IExecutionStep.Execute()
   at System.Web.HttpApplication.ExecuteStep(IExecutionStep step, Boolean& completedSynchronously)
2016-06-22 10:54:18,339 [10] ERROR EPiServer.Global: 1.2.5 Unhandled exception in ASP.NET
System.IO.FileNotFoundException: Could not find file 'C:\Projects\LDRYWebsites\PostOak\Development\Landrys.ThePostOak_EpiServer\App_Data\blobs\cf5bba5d1fdb4a8889f75bdb59766af3\629ef6d87de6477d87b601805f640b92.jpg'.
File name: 'C:\Projects\LDRYWebsites\PostOak\Development\Landrys.ThePostOak_EpiServer\App_Data\blobs\cf5bba5d1fdb4a8889f75bdb59766af3\629ef6d87de6477d87b601805f640b92.jpg'
   at System.IO.__Error.WinIOError(Int32 errorCode, String maybeFullPath)
   at System.IO.FileStream.Init(String path, FileMode mode, FileAccess access, Int32 rights, Boolean useRights, FileShare share, Int32 bufferSize, FileOptions options, SECURITY_ATTRIBUTES secAttrs, String msgPath, Boolean bFromProxy, Boolean useLongPath, Boolean checkHost)
   at System.IO.FileStream..ctor(String path, FileMode mode, FileAccess access, FileShare share)
   at System.Web.HttpResponse.TransmitFile(String filename, Int64 offset, Int64 length)
   at System.Web.HttpResponseWrapper.TransmitFile(String filename)
   at EPiServer.Web.MediaHandlerBase.TransmitFile(HttpContextBase context, String filePath)
   at EPiServer.Web.BlobHttpHandler.ProcessRequestAsyncInternal(HttpContextWrapper context, AsyncCallback cb, Object extraData)
   at EPiServer.Web.BlobHttpHandler.System.Web.IHttpAsyncHandler.BeginProcessRequest(HttpContext context, AsyncCallback cb, Object extraData)
   at System.Web.HttpApplication.CallHandlerExecutionStep.System.Web.HttpApplication.IExecutionStep.Execute()
   at System.Web.HttpApplication.ExecuteStep(IExecutionStep step, Boolean& completedSynchronously)
System.IO.FileNotFoundException: Could not find file 'C:\Projects\LDRYWebsites\PostOak\Development\Landrys.ThePostOak_EpiServer\App_Data\blobs\cf5bba5d1fdb4a8889f75bdb59766af3\629ef6d87de6477d87b601805f640b92.jpg'.
File name: 'C:\Projects\LDRYWebsites\PostOak\Development\Landrys.ThePostOak_EpiServer\App_Data\blobs\cf5bba5d1fdb4a8889f75bdb59766af3\629ef6d87de6477d87b601805f640b92.jpg'
   at System.IO.__Error.WinIOError(Int32 errorCode, String maybeFullPath)
   at System.IO.FileStream.Init(String path, FileMode mode, FileAccess access, Int32 rights, Boolean useRights, FileShare share, Int32 bufferSize, FileOptions options, SECURITY_ATTRIBUTES secAttrs, String msgPath, Boolean bFromProxy, Boolean useLongPath, Boolean checkHost)
   at System.IO.FileStream..ctor(String path, FileMode mode, FileAccess access, FileShare share)
   at System.Web.HttpResponse.TransmitFile(String filename, Int64 offset, Int64 length)
   at System.Web.HttpResponseWrapper.TransmitFile(String filename)
   at EPiServer.Web.MediaHandlerBase.TransmitFile(HttpContextBase context, String filePath)
   at EPiServer.Web.BlobHttpHandler.ProcessRequestAsyncInternal(HttpContextWrapper context, AsyncCallback cb, Object extraData)
   at EPiServer.Web.BlobHttpHandler.System.Web.IHttpAsyncHandler.BeginProcessRequest(HttpContext context, AsyncCallback cb, Object extraData)
   at System.Web.HttpApplication.CallHandlerExecutionStep.System.Web.HttpApplication.IExecutionStep.Execute()
   at System.Web.HttpApplication.ExecuteStep(IExecutionStep step, Boolean& completedSynchronously)
